<?xml version="1.0" encoding="UTF-8"?>
<!-- Generated by org.testng.reporters.JUnitReportReporter -->
<testsuite hostname="Harshits-MacBook-Air.local" failures="0" tests="1" name="testCases.safari" time="10.574" errors="0" timestamp="2025-07-18T23:42:41 IST" skipped="0">
  <testcase classname="testCases.safari" name="method" time="10.574"/>
</testsuite> <!-- testCases.safari -->
