<?xml version="1.0" encoding="UTF-8"?>
<!-- Generated by org.testng.reporters.JUnitReportReporter -->
<testsuite hostname="Harshits-MacBook-Air.local" failures="0" tests="2" name="testCases.TC002_LoginTest" time="2.945" errors="0" timestamp="2025-07-20T15:05:17 IST" skipped="0">
  <testcase classname="testCases.TC002_LoginTest" name="verifyLoginTest" time="1.146"/>
  <testcase classname="testCases.TC002_LoginTest" name="verifyLoginTest" time="1.799"/>
</testsuite> <!-- testCases.TC002_LoginTest -->
