<?xml version="1.0" encoding="UTF-8"?>
<!-- Generated by org.testng.reporters.JUnitReportReporter -->
<testsuite hostname="Harshits-MacBook-Air.local" failures="0" tests="1" name="testCases.crossBrowser" time="2.920" errors="0" timestamp="2025-07-18T17:19:59 IST" skipped="0">
  <testcase classname="testCases.crossBrowser" name="method" time="2.920"/>
</testsuite> <!-- testCases.crossBrowser -->
