<?xml version="1.0" encoding="UTF-8"?>
<!-- Generated by org.testng.reporters.JUnitReportReporter -->
<testsuite hostname="Harshits-MacBook-Air.local" failures="0" tests="2" name="testCases.TC002_LoginTest" time="2.752" errors="0" timestamp="2025-07-21T00:16:22 IST" skipped="0">
  <testcase classname="testCases.TC002_LoginTest" name="verifyLoginTest" time="1.143"/>
  <testcase classname="testCases.TC002_LoginTest" name="verifyLoginTest" time="1.609"/>
</testsuite> <!-- testCases.TC002_LoginTest -->
